c:\users\zeno\documents\visual studio 2015\projects\hello_cpp\hello_cpp\debug\vc140.pdb
c:\users\zeno\documents\visual studio 2015\projects\hello_cpp\hello_cpp\debug\vc140.idb
c:\users\zeno\documents\visual studio 2015\projects\hello_cpp\hello_cpp\debug\chicken.obj
c:\users\zeno\documents\visual studio 2015\projects\hello_cpp\hello_cpp\debug\cpp_attribute_object.obj
c:\users\zeno\documents\visual studio 2015\projects\hello_cpp\hello_cpp\debug\cpp_exceptiondemo.obj
c:\users\zeno\documents\visual studio 2015\projects\hello_cpp\hello_cpp\debug\cpp_friend_function.obj
c:\users\zeno\documents\visual studio 2015\projects\hello_cpp\hello_cpp\debug\cpp_inherit.obj
c:\users\zeno\documents\visual studio 2015\projects\hello_cpp\hello_cpp\debug\cpp_operator_overload.obj
c:\users\zeno\documents\visual studio 2015\projects\hello_cpp\hello_cpp\debug\cpp_quote.obj
c:\users\zeno\documents\visual studio 2015\projects\hello_cpp\hello_cpp\debug\cpp_class_and_struct.obj
c:\users\zeno\documents\visual studio 2015\projects\hello_cpp\hello_cpp\debug\cpp_namespace.obj
c:\users\zeno\documents\visual studio 2015\projects\hello_cpp\hello_cpp\debug\cpp_construct_function.obj
c:\users\zeno\documents\visual studio 2015\projects\hello_cpp\hello_cpp\debug\cpp_template_class.obj
c:\users\zeno\documents\visual studio 2015\projects\hello_cpp\hello_cpp\debug\cpp_variable_parameter.obj
c:\users\zeno\documents\visual studio 2015\projects\hello_cpp\hello_cpp\debug\fish.obj
c:\users\zeno\documents\visual studio 2015\projects\hello_cpp\hello_cpp\debug\meat.obj
c:\users\zeno\documents\visual studio 2015\projects\hello_cpp\hello_cpp\debug\pudding.obj
c:\users\zeno\documents\visual studio 2015\projects\hello_cpp\hello_cpp\debug\student.obj
c:\users\zeno\documents\visual studio 2015\projects\hello_cpp\hello_cpp\debug\hello_cpp.tlog\cl.command.1.tlog
c:\users\zeno\documents\visual studio 2015\projects\hello_cpp\hello_cpp\debug\hello_cpp.tlog\cl.read.1.tlog
c:\users\zeno\documents\visual studio 2015\projects\hello_cpp\hello_cpp\debug\hello_cpp.tlog\cl.write.1.tlog
